<?xml version="1.0" encoding="UTF-8"?>
<testsuite xmlns:xsi="http://www.w3.org/2001/XMLSchema-instance" xsi:noNamespaceSchemaLocation="https://maven.apache.org/surefire/maven-surefire-plugin/xsd/surefire-test-report.xsd" name="com.eschoolmanager.server.GestioSessioUsuariTest" time="8.91" tests="3" errors="0" skipped="0" failures="0">
  <properties>
[...]
</properties>
  <testcase name="provaLoginUsuariContrasenyaIncorrectes" classname="com.eschoolmanager.server.GestioSessioUsuariTest" time="3.849"/>
  <testcase name="provaLoginUsuariContrasenyaCorrectes" classname="com.eschoolmanager.server.GestioSessioUsuariTest" time="2.632"/>
  <testcase name="provaLoginUsuariDadesIncompletes" classname="com.eschoolmanager.server.GestioSessioUsuariTest" time="2.412"/>
</testsuite>